#
# A fatal error has been detected by the Java Runtime Environment:
#
#  EXCEPTION_ACCESS_VIOLATION (0xc0000005) at pc=0x00007ffeb7aa93b4, pid=16944, tid=18600
#
# JRE version: OpenJDK Runtime Environment Temurin-17.0.4+8 (17.0.4+8) (build 17.0.4+8)
# Java VM: OpenJDK 64-Bit Server VM Temurin-17.0.4+8 (17.0.4+8, mixed mode, sharing, tiered, compressed oops, compressed class ptrs, g1 gc, windows-amd64)
# Problematic frame:
# V  [jvm.dll+0x2e93b4]
#
# No core dump will be written. Minidumps are not enabled by default on client versions of Windows
#
# If you would like to submit a bug report, please visit:
#   https://github.com/adoptium/adoptium-support/issues
#

---------------  S U M M A R Y ------------

Command Line: -ea -agentlib:jdwp=transport=dt_shmem,address=javadebug -Dfile.encoding=UTF-8 bluej.runtime.ExecServer UTF-8

Host: Intel(R) Core(TM) i9-10850K CPU @ 3.60GHz, 20 cores, 31G,  Windows 10 , 64 bit Build 19041 (10.0.19041.3155)
Time: Sun Sep 10 21:29:54 2023 Pacific Daylight Time elapsed time: 23.324584 seconds (0d 0h 0m 23s)

---------------  T H R E A D  ---------------

Current thread (0x000001a27d6a8a10):  GCTaskThread "GC Thread#1" [stack: 0x0000000610300000,0x0000000610400000] [id=18600]

Stack: [0x0000000610300000,0x0000000610400000],  sp=0x00000006103ff490,  free space=1021k
Native frames: (J=compiled Java code, j=interpreted, Vv=VM code, C=native code)
V  [jvm.dll+0x2e93b4]
V  [jvm.dll+0x306ce9]
V  [jvm.dll+0x2da6f4]
V  [jvm.dll+0x2dadaa]
V  [jvm.dll+0x2daea7]
V  [jvm.dll+0x2e046b]
V  [jvm.dll+0x85f7fb]
V  [jvm.dll+0x85f846]
V  [jvm.dll+0x7e245a]
V  [jvm.dll+0x6761c5]
C  [ucrtbase.dll+0x21bb2]
C  [KERNEL32.DLL+0x17614]
C  [ntdll.dll+0x526b1]


siginfo: EXCEPTION_ACCESS_VIOLATION (0xc0000005), data execution prevention violation at address 0x00007ffe00000000


Register to memory mapping:

RIP=0x00007ffeb7aa93b4 jvm.dll
RAX=0x0000000000011100 is an unknown value
RBX=0x0000000000000008 is an unknown value
RCX=0x000001a2447764f0 points into unknown readable memory: 0x0000000000000000 | 00 00 00 00 00 00 00 00
RDX=0x0000000000000003 is an unknown value
RSP=0x00000006103ff490 points into unknown readable memory: 0x000001a27d152660 | 60 26 15 7d a2 01 00 00
RBP=0x0 is NULL
RSI=0x0000000000000018 is an unknown value
RDI=0x000001a24476e2a0 points into unknown readable memory: 0x00007ffeb8110b68 | 68 0b 11 b8 fe 7f 00 00
R8 =0x0 is NULL
R9 =0x0 is NULL
R10=0x0 is NULL
R11=0x000001a244777300 points into unknown readable memory: 0x0000000000000000 | 00 00 00 00 00 00 00 00
R12=0x0 is NULL
R13=0x00000006103ff5f0 points into unknown readable memory: 0x00007ffeb8110b40 | 40 0b 11 b8 fe 7f 00 00
R14=0x0 is NULL
R15=0x00000006103ff520 points into unknown readable memory: 0x0000000262c3919d | 9d 91 c3 62 02 00 00 00


Registers:
RAX=0x0000000000011100, RBX=0x0000000000000008, RCX=0x000001a2447764f0, RDX=0x0000000000000003
RSP=0x00000006103ff490, RBP=0x0000000000000000, RSI=0x0000000000000018, RDI=0x000001a24476e2a0
R8 =0x0000000000000000, R9 =0x0000000000000000, R10=0x0000000000000000, R11=0x000001a244777300
R12=0x0000000000000000, R13=0x00000006103ff5f0, R14=0x0000000000000000, R15=0x00000006103ff520
RIP=0x00007ffeb7aa93b4, EFLAGS=0x0000000000010246

Top of Stack: (sp=0x00000006103ff490)
0x00000006103ff490:   000001a27d152660 0000000000000005
0x00000006103ff4a0:   0000000000000005 000001a27d152660
0x00000006103ff4b0:   0000000000000003 000000060cffe700
0x00000006103ff4c0:   0000000262c3919c 00007ffeb7ac6ce9
0x00000006103ff4d0:   0000c47400011794 000001a27d152660
0x00000006103ff4e0:   000001a24476e2a0 0000000000000009
0x00000006103ff4f0:   000000060cffe700 00000006103ff570
0x00000006103ff500:   0000000000000000 00007ffeb7a9a6f4
0x00000006103ff510:   0000023a8f630001 0000000000000008
0x00000006103ff520:   0000000262c3919d 000001a27d152660
0x00000006103ff530:   000000000000000c 00007ffeb7abb9a7
0x00000006103ff540:   0000000000000000 0000000000000000
0x00000006103ff550:   0000000600000000 00007ffeb7fb0a4e
0x00000006103ff560:   0000000000000000 0000000000000000
0x00000006103ff570:   000001a27205cf90 000001a27d189490
0x00000006103ff580:   00000000000003d8 000001a27205d368 

Instructions: (pc=0x00007ffeb7aa93b4)
0x00007ffeb7aa92b4:   e2 ff ff 01 00 41 81 fa ff ff 01 00 45 0f 44 d4
0x00007ffeb7aa92c4:   48 8d 34 c5 00 00 00 00 48 8b 47 10 48 8b 0c 06
0x00007ffeb7aa92d4:   8b 81 00 01 00 00 44 8b 81 80 00 00 00 44 2b c0
0x00007ffeb7aa92e4:   32 c0 41 81 e0 ff ff 01 00 41 81 f8 ff ff 01 00
0x00007ffeb7aa92f4:   45 0f 44 c4 45 3b c2 76 21 48 8b 47 10 48 8b 34
0x00007ffeb7aa9304:   06 48 8b 86 00 01 00 00 48 89 44 24 40 8b 8e 80
0x00007ffeb7aa9314:   00 00 00 48 8b 44 24 40 eb 2b 45 85 d2 0f 84 8d
0x00007ffeb7aa9324:   00 00 00 48 8b 47 10 41 8b d1 49 8b 34 06 48 8b
0x00007ffeb7aa9334:   86 00 01 00 00 48 89 44 24 58 8b 8e 80 00 00 00
0x00007ffeb7aa9344:   48 8b 44 24 58 2b c8 81 e1 ff ff 01 00 81 f9 ff
0x00007ffeb7aa9354:   ff 01 00 41 0f 44 cc 85 c9 75 13 ba ff ff ff ff
0x00007ffeb7aa9364:   32 c0 41 89 93 00 02 00 00 e9 cc 00 00 00 48 8b
0x00007ffeb7aa9374:   8e 80 01 00 00 4c 8b c8 44 8b c0 4e 8b 04 c1 8d
0x00007ffeb7aa9384:   48 01 81 e1 ff ff 01 00 4d 89 07 45 8b c4 41 0f
0x00007ffeb7aa9394:   94 c0 49 c1 e9 20 45 03 c8 49 c1 e1 20 4c 0b c9
0x00007ffeb7aa93a4:   f0 4c 0f b1 8e 00 01 00 00 0f 94 c0 84 c0 75 05
0x00007ffeb7aa93b4:   ba ff ff ff ff 41 89 93 00 02 00 00 eb 7c 75 7e
0x00007ffeb7aa93c4:   48 8b 47 10 8d 4b ff 83 e1 01 4c 8b 14 c8 49 8b
0x00007ffeb7aa93d4:   82 00 01 00 00 48 89 04 24 41 8b 8a 80 00 00 00
0x00007ffeb7aa93e4:   48 8b 04 24 2b c8 81 e1 ff ff 01 00 81 f9 ff ff
0x00007ffeb7aa93f4:   01 00 41 0f 44 cc 85 c9 75 04 32 c0 eb 3c 49 8b
0x00007ffeb7aa9404:   8a 80 01 00 00 4c 8b c0 8b d0 48 8b 14 d1 8d 48
0x00007ffeb7aa9414:   01 81 e1 ff ff 01 00 49 89 17 41 8b d4 0f 94 c2
0x00007ffeb7aa9424:   49 c1 e8 20 44 03 c2 49 c1 e0 20 4c 0b c1 f0 4d
0x00007ffeb7aa9434:   0f b1 82 00 01 00 00 0f 94 c0 84 c0 75 29 8b 4f
0x00007ffeb7aa9444:   08 ff c5 8d 04 09 3b e8 0f 82 80 fd ff ff 32 c0
0x00007ffeb7aa9454:   48 8b 5c 24 48 48 8b 6c 24 50 48 83 c4 10 41 5f
0x00007ffeb7aa9464:   41 5e 41 5c 5f 5e c3 b0 01 eb e5 cc 48 8b 91 90
0x00007ffeb7aa9474:   00 00 00 48 8b 81 98 00 00 00 48 89 81 90 00 00
0x00007ffeb7aa9484:   00 48 89 91 98 00 00 00 c3 cc cc cc 48 8b 89 a0
0x00007ffeb7aa9494:   06 00 00 e9 64 66 57 00 cc cc cc cc 48 89 54 24
0x00007ffeb7aa94a4:   10 4c 89 44 24 18 4c 89 4c 24 20 53 48 83 ec 20 


Stack slot to memory mapping:
stack at sp + 0 slots: 0x000001a27d152660 points into unknown readable memory: 0x00007ffeb8117278 | 78 72 11 b8 fe 7f 00 00
stack at sp + 1 slots: 0x0000000000000005 is an unknown value
stack at sp + 2 slots: 0x0000000000000005 is an unknown value
stack at sp + 3 slots: 0x000001a27d152660 points into unknown readable memory: 0x00007ffeb8117278 | 78 72 11 b8 fe 7f 00 00
stack at sp + 4 slots: 0x0000000000000003 is an unknown value
stack at sp + 5 slots: 0x000000060cffe700 points into unknown readable memory: 0x0000000000000000 | 00 00 00 00 00 00 00 00
stack at sp + 6 slots: 0x0000000262c3919c is pointing into object: java.util.LinkedList$Node 
{0x0000000262c39188} - klass: 'java/util/LinkedList$Node'
 - ---- fields (total size 3 words):
 - 'item' 'Ljava/lang/Object;' @12  a 'gpdraw/CommandDrawRect'{0x0000000262c391a0} (4c587234)
 - 'next' 'Ljava/util/LinkedList$Node;' @16  a 'java/util/LinkedList$Node'{0x0000000262ca7618} (4c594ec3)
 - 'prev' 'Ljava/util/LinkedList$Node;' @20  a 'java/util/LinkedList$Node'{0x0000000262c39140} (4c587228)
stack at sp + 7 slots: 0x00007ffeb7ac6ce9 jvm.dll


---------------  P R O C E S S  ---------------

Threads class SMR info:
_java_thread_list=0x000001a272146f40, length=25, elements={
0x000001a271675450, 0x000001a2716772d0, 0x000001a271687e80, 0x000001a271689a40,
0x000001a27168c400, 0x000001a27168cdb0, 0x000001a27168e0a0, 0x000001a2716a08c0,
0x000001a2716a32c0, 0x000001a27211c870, 0x000001a27212b820, 0x000001a27212c0a0,
0x000001a272131a30, 0x000001a27213de40, 0x000001a272f48310, 0x000001a272f79600,
0x000001a272f91870, 0x000001a24475ec50, 0x000001a272221b00, 0x000001a2722fa590,
0x000001a27cfb93e0, 0x000001a273054b60, 0x000001a27d079da0, 0x000001a27d0780c0,
0x000001a273053210
}

Java Threads: ( => current thread )
  0x000001a271675450 JavaThread "Reference Handler" daemon [_thread_blocked, id=15464, stack(0x000000060d000000,0x000000060d100000)]
  0x000001a2716772d0 JavaThread "Finalizer" daemon [_thread_blocked, id=2300, stack(0x000000060d100000,0x000000060d200000)]
  0x000001a271687e80 JavaThread "Signal Dispatcher" daemon [_thread_blocked, id=4644, stack(0x000000060d200000,0x000000060d300000)]
  0x000001a271689a40 JavaThread "Attach Listener" daemon [_thread_blocked, id=24228, stack(0x000000060d300000,0x000000060d400000)]
  0x000001a27168c400 JavaThread "Service Thread" daemon [_thread_blocked, id=23216, stack(0x000000060d400000,0x000000060d500000)]
  0x000001a27168cdb0 JavaThread "Monitor Deflation Thread" daemon [_thread_blocked, id=1936, stack(0x000000060d500000,0x000000060d600000)]
  0x000001a27168e0a0 JavaThread "C2 CompilerThread0" daemon [_thread_blocked, id=15660, stack(0x000000060d600000,0x000000060d700000)]
  0x000001a2716a08c0 JavaThread "C1 CompilerThread0" daemon [_thread_blocked, id=14060, stack(0x000000060d700000,0x000000060d800000)]
  0x000001a2716a32c0 JavaThread "Sweeper thread" daemon [_thread_blocked, id=20456, stack(0x000000060d800000,0x000000060d900000)]
  0x000001a27211c870 JavaThread "JDWP Transport Listener: dt_shmem" daemon [_thread_blocked, id=24960, stack(0x000000060db00000,0x000000060dc00000)]
  0x000001a27212b820 JavaThread "JDWP Event Helper Thread" daemon [_thread_blocked, id=3552, stack(0x000000060dc00000,0x000000060dd00000)]
  0x000001a27212c0a0 JavaThread "JDWP Command Reader" daemon [_thread_in_native, id=18812, stack(0x000000060dd00000,0x000000060de00000)]
  0x000001a272131a30 JavaThread "Notification Thread" daemon [_thread_blocked, id=17592, stack(0x000000060de00000,0x000000060df00000)]
  0x000001a27213de40 JavaThread "Common-Cleaner" daemon [_thread_blocked, id=25536, stack(0x000000060e000000,0x000000060e100000)]
  0x000001a272f48310 JavaThread "Java2D Disposer" daemon [_thread_blocked, id=15036, stack(0x000000060e200000,0x000000060e300000)]
  0x000001a272f79600 JavaThread "AWT-Windows" daemon [_thread_in_native, id=22600, stack(0x000000060e400000,0x000000060e500000)]
  0x000001a272f91870 JavaThread "BlueJ worker thread" [_thread_blocked, id=20940, stack(0x000000060e600000,0x000000060e700000)]
  0x000001a24475ec50 JavaThread "DestroyJavaVM" [_thread_blocked, id=8516, stack(0x000000060c900000,0x000000060ca00000)]
  0x000001a272221b00 JavaThread "main" [_thread_blocked, id=18776, stack(0x000000060da00000,0x000000060db00000)]
  0x000001a2722fa590 JavaThread "AWT-Shutdown" [_thread_blocked, id=3956, stack(0x000000060d900000,0x000000060da00000)]
  0x000001a27cfb93e0 JavaThread "AWT-EventQueue-0" [_thread_blocked, id=10596, stack(0x000000060f800000,0x000000060f900000)]
  0x000001a273054b60 JavaThread "C1 CompilerThread1" daemon [_thread_blocked, id=15320, stack(0x000000060f900000,0x000000060fa00000)]
  0x000001a27d079da0 JavaThread "D3D Screen Updater" daemon [_thread_blocked, id=3044, stack(0x000000060fa00000,0x000000060fb00000)]
  0x000001a27d0780c0 JavaThread "QuantumRenderer-0" daemon [_thread_blocked, id=2264, stack(0x000000060fc00000,0x000000060fd00000)]
  0x000001a273053210 JavaThread "C1 CompilerThread2" daemon [_thread_blocked, id=17204, stack(0x000000060fb00000,0x000000060fc00000)]

Other Threads:
  0x000001a27166f540 VMThread "VM Thread" [stack: 0x000000060cf00000,0x000000060d000000] [id=5400]
  0x000001a2714ec2d0 WatcherThread [stack: 0x000000060df00000,0x000000060e000000] [id=8072]
  0x000001a24480b8b0 GCTaskThread "GC Thread#0" [stack: 0x000000060ca00000,0x000000060cb00000] [id=17700]
=>0x000001a27d6a8a10 GCTaskThread "GC Thread#1" [stack: 0x0000000610300000,0x0000000610400000] [id=18600]
  0x000001a27d8489e0 GCTaskThread "GC Thread#2" [stack: 0x0000000610400000,0x0000000610500000] [id=22936]
  0x000001a2085251e0 GCTaskThread "GC Thread#3" [stack: 0x0000000610500000,0x0000000610600000] [id=20852]
  0x000001a208525490 GCTaskThread "GC Thread#4" [stack: 0x0000000610600000,0x0000000610700000] [id=14744]
  0x000001a208b5d420 GCTaskThread "GC Thread#5" [stack: 0x0000000610700000,0x0000000610800000] [id=19588]
  0x000001a27d9e4da0 GCTaskThread "GC Thread#6" [stack: 0x0000000610800000,0x0000000610900000] [id=17824]
  0x000001a27d9e5050 GCTaskThread "GC Thread#7" [stack: 0x0000000610900000,0x0000000610a00000] [id=11916]
  0x000001a2085dfa40 GCTaskThread "GC Thread#8" [stack: 0x0000000610a00000,0x0000000610b00000] [id=3852]
  0x000001a2085dfcf0 GCTaskThread "GC Thread#9" [stack: 0x0000000610b00000,0x0000000610c00000] [id=21496]
  0x000001a208302b80 GCTaskThread "GC Thread#10" [stack: 0x0000000610c00000,0x0000000610d00000] [id=7492]
  0x000001a208302370 GCTaskThread "GC Thread#11" [stack: 0x0000000610d00000,0x0000000610e00000] [id=19048]
  0x000001a208302e30 GCTaskThread "GC Thread#12" [stack: 0x0000000610e00000,0x0000000610f00000] [id=16348]
  0x000001a2083038f0 GCTaskThread "GC Thread#13" [stack: 0x0000000610f00000,0x0000000611000000] [id=23128]
  0x000001a24481d740 ConcurrentGCThread "G1 Main Marker" [stack: 0x000000060cb00000,0x000000060cc00000] [id=19428]
  0x000001a24481f560 ConcurrentGCThread "G1 Conc#0" [stack: 0x000000060cc00000,0x000000060cd00000] [id=5344]
  0x000001a2715a8880 ConcurrentGCThread "G1 Refine#0" [stack: 0x000000060cd00000,0x000000060ce00000] [id=22324]
  0x000001a2715aa2b0 ConcurrentGCThread "G1 Service" [stack: 0x000000060ce00000,0x000000060cf00000] [id=8744]

Threads with active compile tasks:

VM state: at safepoint (normal execution)

VM Mutex/Monitor currently owned by a thread:  ([mutex/lock_event])
[0x000001a244758cb0] Threads_lock - owner thread: 0x000001a27166f540
[0x000001a244757fc0] Heap_lock - owner thread: 0x000001a27cfb93e0

Heap address: 0x0000000255800000, size: 8168 MB, Compressed Oops mode: Zero based, Oop shift amount: 3

CDS archive(s) mapped at: [0x0000000800000000-0x0000000800bc0000-0x0000000800bc0000), size 12320768, SharedBaseAddress: 0x0000000800000000, ArchiveRelocationMode: 0.
Compressed class space mapped at: 0x0000000800c00000-0x0000000840c00000, reserved size: 1073741824
Narrow klass base: 0x0000000800000000, Narrow klass shift: 0, Narrow klass range: 0x100000000

GC Precious Log:
 CPUs: 20 total, 20 available
 Memory: 32658M
 Large Page Support: Disabled
 NUMA Support: Disabled
 Compressed Oops: Enabled (Zero based)
 Heap Region Size: 4M
 Heap Min Capacity: 8M
 Heap Initial Capacity: 512M
 Heap Max Capacity: 8168M
 Pre-touch: Disabled
 Parallel Workers: 15
 Concurrent Workers: 4
 Concurrent Refinement Workers: 15
 Periodic GC: Disabled

Heap:
 garbage-first heap   total 524288K, used 314628K [0x0000000255800000, 0x0000000454000000)
  region size 4096K, 77 young (315392K), 6 survivors (24576K)
 Metaspace       used 9886K, committed 10112K, reserved 1064960K
  class space    used 1095K, committed 1216K, reserved 1048576K

Heap Regions: E=young(eden), S=young(survivor), O=old, HS=humongous(starts), HC=humongous(continues), CS=collection set, F=free, OA=open archive, CA=closed archive, TAMS=top-at-mark-start (previous, next)
|   0|0x0000000255800000, 0x0000000255c00000, 0x0000000255c00000|100%| O|  |TAMS 0x0000000255800000, 0x0000000255800000| Untracked 
|   1|0x0000000255c00000, 0x0000000255cde400, 0x0000000256000000| 21%| O|  |TAMS 0x0000000255c00000, 0x0000000255c00000| Untracked 
|   2|0x0000000256000000, 0x0000000256000000, 0x0000000256400000|  0%| F|  |TAMS 0x0000000256000000, 0x0000000256000000| Untracked 
|   3|0x0000000256400000, 0x0000000256400000, 0x0000000256800000|  0%| F|  |TAMS 0x0000000256400000, 0x0000000256400000| Untracked 
|   4|0x0000000256800000, 0x0000000256800000, 0x0000000256c00000|  0%| F|  |TAMS 0x0000000256800000, 0x0000000256800000| Untracked 
|   5|0x0000000256c00000, 0x0000000256c00000, 0x0000000257000000|  0%| F|  |TAMS 0x0000000256c00000, 0x0000000256c00000| Untracked 
|   6|0x0000000257000000, 0x0000000257000000, 0x0000000257400000|  0%| F|  |TAMS 0x0000000257000000, 0x0000000257000000| Untracked 
|   7|0x0000000257400000, 0x0000000257400000, 0x0000000257800000|  0%| F|  |TAMS 0x0000000257400000, 0x0000000257400000| Untracked 
|   8|0x0000000257800000, 0x0000000257800000, 0x0000000257c00000|  0%| F|  |TAMS 0x0000000257800000, 0x0000000257800000| Untracked 
|   9|0x0000000257c00000, 0x0000000257c00000, 0x0000000258000000|  0%| F|  |TAMS 0x0000000257c00000, 0x0000000257c00000| Untracked 
|  10|0x0000000258000000, 0x0000000258000000, 0x0000000258400000|  0%| F|  |TAMS 0x0000000258000000, 0x0000000258000000| Untracked 
|  11|0x0000000258400000, 0x0000000258400000, 0x0000000258800000|  0%| F|  |TAMS 0x0000000258400000, 0x0000000258400000| Untracked 
|  12|0x0000000258800000, 0x0000000258800000, 0x0000000258c00000|  0%| F|  |TAMS 0x0000000258800000, 0x0000000258800000| Untracked 
|  13|0x0000000258c00000, 0x0000000258c00000, 0x0000000259000000|  0%| F|  |TAMS 0x0000000258c00000, 0x0000000258c00000| Untracked 
|  14|0x0000000259000000, 0x0000000259000000, 0x0000000259400000|  0%| F|  |TAMS 0x0000000259000000, 0x0000000259000000| Untracked 
|  15|0x0000000259400000, 0x0000000259400000, 0x0000000259800000|  0%| F|  |TAMS 0x0000000259400000, 0x0000000259400000| Untracked 
|  16|0x0000000259800000, 0x0000000259800000, 0x0000000259c00000|  0%| F|  |TAMS 0x0000000259800000, 0x0000000259800000| Untracked 
|  17|0x0000000259c00000, 0x0000000259c00000, 0x000000025a000000|  0%| F|  |TAMS 0x0000000259c00000, 0x0000000259c00000| Untracked 
|  18|0x000000025a000000, 0x000000025a000000, 0x000000025a400000|  0%| F|  |TAMS 0x000000025a000000, 0x000000025a000000| Untracked 
|  19|0x000000025a400000, 0x000000025a400000, 0x000000025a800000|  0%| F|  |TAMS 0x000000025a400000, 0x000000025a400000| Untracked 
|  20|0x000000025a800000, 0x000000025a800000, 0x000000025ac00000|  0%| F|  |TAMS 0x000000025a800000, 0x000000025a800000| Untracked 
|  21|0x000000025ac00000, 0x000000025ac00000, 0x000000025b000000|  0%| F|  |TAMS 0x000000025ac00000, 0x000000025ac00000| Untracked 
|  22|0x000000025b000000, 0x000000025b000000, 0x000000025b400000|  0%| F|  |TAMS 0x000000025b000000, 0x000000025b000000| Untracked 
|  23|0x000000025b400000, 0x000000025b400000, 0x000000025b800000|  0%| F|  |TAMS 0x000000025b400000, 0x000000025b400000| Untracked 
|  24|0x000000025b800000, 0x000000025b800000, 0x000000025bc00000|  0%| F|  |TAMS 0x000000025b800000, 0x000000025b800000| Untracked 
|  25|0x000000025bc00000, 0x000000025bc00000, 0x000000025c000000|  0%| F|  |TAMS 0x000000025bc00000, 0x000000025bc00000| Untracked 
|  26|0x000000025c000000, 0x000000025c000000, 0x000000025c400000|  0%| F|  |TAMS 0x000000025c000000, 0x000000025c000000| Untracked 
|  27|0x000000025c400000, 0x000000025c400000, 0x000000025c800000|  0%| F|  |TAMS 0x000000025c400000, 0x000000025c400000| Untracked 
|  28|0x000000025c800000, 0x000000025c800000, 0x000000025cc00000|  0%| F|  |TAMS 0x000000025c800000, 0x000000025c800000| Untracked 
|  29|0x000000025cc00000, 0x000000025cc00000, 0x000000025d000000|  0%| F|  |TAMS 0x000000025cc00000, 0x000000025cc00000| Untracked 
|  30|0x000000025d000000, 0x000000025d000000, 0x000000025d400000|  0%| F|  |TAMS 0x000000025d000000, 0x000000025d000000| Untracked 
|  31|0x000000025d400000, 0x000000025d400000, 0x000000025d800000|  0%| F|  |TAMS 0x000000025d400000, 0x000000025d400000| Untracked 
|  32|0x000000025d800000, 0x000000025d800000, 0x000000025dc00000|  0%| F|  |TAMS 0x000000025d800000, 0x000000025d800000| Untracked 
|  33|0x000000025dc00000, 0x000000025dc00000, 0x000000025e000000|  0%| F|  |TAMS 0x000000025dc00000, 0x000000025dc00000| Untracked 
|  34|0x000000025e000000, 0x000000025e000000, 0x000000025e400000|  0%| F|  |TAMS 0x000000025e000000, 0x000000025e000000| Untracked 
|  35|0x000000025e400000, 0x000000025e400000, 0x000000025e800000|  0%| F|  |TAMS 0x000000025e400000, 0x000000025e400000| Untracked 
|  36|0x000000025e800000, 0x000000025e800000, 0x000000025ec00000|  0%| F|  |TAMS 0x000000025e800000, 0x000000025e800000| Untracked 
|  37|0x000000025ec00000, 0x000000025ec00000, 0x000000025f000000|  0%| F|  |TAMS 0x000000025ec00000, 0x000000025ec00000| Untracked 
|  38|0x000000025f000000, 0x000000025f000000, 0x000000025f400000|  0%| F|  |TAMS 0x000000025f000000, 0x000000025f000000| Untracked 
|  39|0x000000025f400000, 0x000000025f400000, 0x000000025f800000|  0%| F|  |TAMS 0x000000025f400000, 0x000000025f400000| Untracked 
|  40|0x000000025f800000, 0x000000025f800000, 0x000000025fc00000|  0%| F|  |TAMS 0x000000025f800000, 0x000000025f800000| Untracked 
|  41|0x000000025fc00000, 0x000000025fc00000, 0x0000000260000000|  0%| F|  |TAMS 0x000000025fc00000, 0x000000025fc00000| Untracked 
|  42|0x0000000260000000, 0x0000000260000000, 0x0000000260400000|  0%| F|  |TAMS 0x0000000260000000, 0x0000000260000000| Untracked 
|  43|0x0000000260400000, 0x0000000260400000, 0x0000000260800000|  0%| F|  |TAMS 0x0000000260400000, 0x0000000260400000| Untracked 
|  44|0x0000000260800000, 0x0000000260800000, 0x0000000260c00000|  0%| F|  |TAMS 0x0000000260800000, 0x0000000260800000| Untracked 
|  45|0x0000000260c00000, 0x0000000260c00000, 0x0000000261000000|  0%| F|  |TAMS 0x0000000260c00000, 0x0000000260c00000| Untracked 
|  46|0x0000000261000000, 0x000000026135f828, 0x0000000261400000| 84%| S|  |TAMS 0x0000000261000000, 0x0000000261000000| Complete 
|  47|0x0000000261400000, 0x0000000261662de8, 0x0000000261800000| 59%| E|CS|TAMS 0x0000000261400000, 0x0000000261400000| Complete 
|  48|0x0000000261800000, 0x0000000261c00000, 0x0000000261c00000|100%| E|CS|TAMS 0x0000000261800000, 0x0000000261800000| Complete 
|  49|0x0000000261c00000, 0x0000000262000000, 0x0000000262000000|100%| E|CS|TAMS 0x0000000261c00000, 0x0000000261c00000| Complete 
|  50|0x0000000262000000, 0x0000000262400000, 0x0000000262400000|100%| E|CS|TAMS 0x0000000262000000, 0x0000000262000000| Complete 
|  51|0x0000000262400000, 0x0000000262800000, 0x0000000262800000|100%| E|CS|TAMS 0x0000000262400000, 0x0000000262400000| Complete 
|  52|0x0000000262800000, 0x0000000262c00000, 0x0000000262c00000|100%| S|  |TAMS 0x0000000262800000, 0x0000000262800000| Complete 
|  53|0x0000000262c00000, 0x0000000263000000, 0x0000000263000000|100%| S|  |TAMS 0x0000000262c00000, 0x0000000262c00000| Complete 
|  54|0x0000000263000000, 0x0000000263400000, 0x0000000263400000|100%| S|  |TAMS 0x0000000263000000, 0x0000000263000000| Complete 
|  55|0x0000000263400000, 0x0000000263800000, 0x0000000263800000|100%| S|  |TAMS 0x0000000263400000, 0x0000000263400000| Complete 
|  56|0x0000000263800000, 0x0000000263c00000, 0x0000000263c00000|100%| S|  |TAMS 0x0000000263800000, 0x0000000263800000| Complete 
|  57|0x0000000263c00000, 0x0000000264000000, 0x0000000264000000|100%| E|CS|TAMS 0x0000000263c00000, 0x0000000263c00000| Complete 
|  58|0x0000000264000000, 0x0000000264400000, 0x0000000264400000|100%| E|CS|TAMS 0x0000000264000000, 0x0000000264000000| Complete 
|  59|0x0000000264400000, 0x0000000264800000, 0x0000000264800000|100%| E|CS|TAMS 0x0000000264400000, 0x0000000264400000| Complete 
|  60|0x0000000264800000, 0x0000000264c00000, 0x0000000264c00000|100%| E|CS|TAMS 0x0000000264800000, 0x0000000264800000| Complete 
|  61|0x0000000264c00000, 0x0000000265000000, 0x0000000265000000|100%| E|CS|TAMS 0x0000000264c00000, 0x0000000264c00000| Complete 
|  62|0x0000000265000000, 0x0000000265400000, 0x0000000265400000|100%| E|CS|TAMS 0x0000000265000000, 0x0000000265000000| Complete 
|  63|0x0000000265400000, 0x0000000265800000, 0x0000000265800000|100%| E|CS|TAMS 0x0000000265400000, 0x0000000265400000| Complete 
|  64|0x0000000265800000, 0x0000000265c00000, 0x0000000265c00000|100%| E|CS|TAMS 0x0000000265800000, 0x0000000265800000| Complete 
|  65|0x0000000265c00000, 0x0000000266000000, 0x0000000266000000|100%| E|CS|TAMS 0x0000000265c00000, 0x0000000265c00000| Complete 
|  66|0x0000000266000000, 0x0000000266400000, 0x0000000266400000|100%| E|CS|TAMS 0x0000000266000000, 0x0000000266000000| Complete 
|  67|0x0000000266400000, 0x0000000266800000, 0x0000000266800000|100%| E|CS|TAMS 0x0000000266400000, 0x0000000266400000| Complete 
|  68|0x0000000266800000, 0x0000000266c00000, 0x0000000266c00000|100%| E|CS|TAMS 0x0000000266800000, 0x0000000266800000| Complete 
|  69|0x0000000266c00000, 0x0000000267000000, 0x0000000267000000|100%| E|CS|TAMS 0x0000000266c00000, 0x0000000266c00000| Complete 
|  70|0x0000000267000000, 0x0000000267400000, 0x0000000267400000|100%| E|CS|TAMS 0x0000000267000000, 0x0000000267000000| Complete 
|  71|0x0000000267400000, 0x0000000267800000, 0x0000000267800000|100%| E|CS|TAMS 0x0000000267400000, 0x0000000267400000| Complete 
|  72|0x0000000267800000, 0x0000000267c00000, 0x0000000267c00000|100%| E|CS|TAMS 0x0000000267800000, 0x0000000267800000| Complete 
|  73|0x0000000267c00000, 0x0000000268000000, 0x0000000268000000|100%| E|CS|TAMS 0x0000000267c00000, 0x0000000267c00000| Complete 
|  74|0x0000000268000000, 0x0000000268400000, 0x0000000268400000|100%| E|CS|TAMS 0x0000000268000000, 0x0000000268000000| Complete 
|  75|0x0000000268400000, 0x0000000268800000, 0x0000000268800000|100%| E|CS|TAMS 0x0000000268400000, 0x0000000268400000| Complete 
|  76|0x0000000268800000, 0x0000000268c00000, 0x0000000268c00000|100%| E|CS|TAMS 0x0000000268800000, 0x0000000268800000| Complete 
|  77|0x0000000268c00000, 0x0000000269000000, 0x0000000269000000|100%| E|CS|TAMS 0x0000000268c00000, 0x0000000268c00000| Complete 
|  78|0x0000000269000000, 0x0000000269400000, 0x0000000269400000|100%| E|CS|TAMS 0x0000000269000000, 0x0000000269000000| Complete 
|  79|0x0000000269400000, 0x0000000269800000, 0x0000000269800000|100%| E|CS|TAMS 0x0000000269400000, 0x0000000269400000| Complete 
|  80|0x0000000269800000, 0x0000000269c00000, 0x0000000269c00000|100%| E|CS|TAMS 0x0000000269800000, 0x0000000269800000| Complete 
|  81|0x0000000269c00000, 0x000000026a000000, 0x000000026a000000|100%| E|CS|TAMS 0x0000000269c00000, 0x0000000269c00000| Complete 
|  82|0x000000026a000000, 0x000000026a400000, 0x000000026a400000|100%| E|CS|TAMS 0x000000026a000000, 0x000000026a000000| Complete 
|  83|0x000000026a400000, 0x000000026a800000, 0x000000026a800000|100%| E|CS|TAMS 0x000000026a400000, 0x000000026a400000| Complete 
|  84|0x000000026a800000, 0x000000026ac00000, 0x000000026ac00000|100%| E|CS|TAMS 0x000000026a800000, 0x000000026a800000| Complete 
|  85|0x000000026ac00000, 0x000000026b000000, 0x000000026b000000|100%| E|CS|TAMS 0x000000026ac00000, 0x000000026ac00000| Complete 
|  86|0x000000026b000000, 0x000000026b400000, 0x000000026b400000|100%| E|CS|TAMS 0x000000026b000000, 0x000000026b000000| Complete 
|  87|0x000000026b400000, 0x000000026b800000, 0x000000026b800000|100%| E|CS|TAMS 0x000000026b400000, 0x000000026b400000| Complete 
|  88|0x000000026b800000, 0x000000026bc00000, 0x000000026bc00000|100%| E|CS|TAMS 0x000000026b800000, 0x000000026b800000| Complete 
|  89|0x000000026bc00000, 0x000000026c000000, 0x000000026c000000|100%| E|CS|TAMS 0x000000026bc00000, 0x000000026bc00000| Complete 
|  90|0x000000026c000000, 0x000000026c400000, 0x000000026c400000|100%| E|CS|TAMS 0x000000026c000000, 0x000000026c000000| Complete 
|  91|0x000000026c400000, 0x000000026c800000, 0x000000026c800000|100%| E|CS|TAMS 0x000000026c400000, 0x000000026c400000| Complete 
|  92|0x000000026c800000, 0x000000026cc00000, 0x000000026cc00000|100%| E|CS|TAMS 0x000000026c800000, 0x000000026c800000| Complete 
|  93|0x000000026cc00000, 0x000000026d000000, 0x000000026d000000|100%| E|CS|TAMS 0x000000026cc00000, 0x000000026cc00000| Complete 
|  94|0x000000026d000000, 0x000000026d400000, 0x000000026d400000|100%| E|CS|TAMS 0x000000026d000000, 0x000000026d000000| Complete 
|  95|0x000000026d400000, 0x000000026d800000, 0x000000026d800000|100%| E|CS|TAMS 0x000000026d400000, 0x000000026d400000| Complete 
|  96|0x000000026d800000, 0x000000026dc00000, 0x000000026dc00000|100%| E|CS|TAMS 0x000000026d800000, 0x000000026d800000| Complete 
|  97|0x000000026dc00000, 0x000000026e000000, 0x000000026e000000|100%| E|CS|TAMS 0x000000026dc00000, 0x000000026dc00000| Complete 
|  98|0x000000026e000000, 0x000000026e400000, 0x000000026e400000|100%| E|CS|TAMS 0x000000026e000000, 0x000000026e000000| Complete 
|  99|0x000000026e400000, 0x000000026e800000, 0x000000026e800000|100%| E|CS|TAMS 0x000000026e400000, 0x000000026e400000| Complete 
| 100|0x000000026e800000, 0x000000026ec00000, 0x000000026ec00000|100%| E|CS|TAMS 0x000000026e800000, 0x000000026e800000| Complete 
| 101|0x000000026ec00000, 0x000000026f000000, 0x000000026f000000|100%| E|CS|TAMS 0x000000026ec00000, 0x000000026ec00000| Complete 
| 102|0x000000026f000000, 0x000000026f400000, 0x000000026f400000|100%| E|CS|TAMS 0x000000026f000000, 0x000000026f000000| Complete 
| 103|0x000000026f400000, 0x000000026f800000, 0x000000026f800000|100%| E|CS|TAMS 0x000000026f400000, 0x000000026f400000| Complete 
| 104|0x000000026f800000, 0x000000026fc00000, 0x000000026fc00000|100%| E|CS|TAMS 0x000000026f800000, 0x000000026f800000| Complete 
| 105|0x000000026fc00000, 0x0000000270000000, 0x0000000270000000|100%| E|CS|TAMS 0x000000026fc00000, 0x000000026fc00000| Complete 
| 106|0x0000000270000000, 0x0000000270400000, 0x0000000270400000|100%| E|CS|TAMS 0x0000000270000000, 0x0000000270000000| Complete 
| 107|0x0000000270400000, 0x0000000270800000, 0x0000000270800000|100%| E|CS|TAMS 0x0000000270400000, 0x0000000270400000| Complete 
| 108|0x0000000270800000, 0x0000000270c00000, 0x0000000270c00000|100%| E|CS|TAMS 0x0000000270800000, 0x0000000270800000| Complete 
| 109|0x0000000270c00000, 0x0000000271000000, 0x0000000271000000|100%| E|CS|TAMS 0x0000000270c00000, 0x0000000270c00000| Complete 
| 110|0x0000000271000000, 0x0000000271400000, 0x0000000271400000|100%| E|CS|TAMS 0x0000000271000000, 0x0000000271000000| Complete 
| 111|0x0000000271400000, 0x0000000271800000, 0x0000000271800000|100%| E|CS|TAMS 0x0000000271400000, 0x0000000271400000| Complete 
| 112|0x0000000271800000, 0x0000000271c00000, 0x0000000271c00000|100%| E|CS|TAMS 0x0000000271800000, 0x0000000271800000| Complete 
| 113|0x0000000271c00000, 0x0000000272000000, 0x0000000272000000|100%| E|CS|TAMS 0x0000000271c00000, 0x0000000271c00000| Complete 
| 114|0x0000000272000000, 0x0000000272400000, 0x0000000272400000|100%| E|CS|TAMS 0x0000000272000000, 0x0000000272000000| Complete 
| 115|0x0000000272400000, 0x0000000272800000, 0x0000000272800000|100%| E|CS|TAMS 0x0000000272400000, 0x0000000272400000| Complete 
| 116|0x0000000272800000, 0x0000000272c00000, 0x0000000272c00000|100%| E|CS|TAMS 0x0000000272800000, 0x0000000272800000| Complete 
| 117|0x0000000272c00000, 0x0000000273000000, 0x0000000273000000|100%| E|CS|TAMS 0x0000000272c00000, 0x0000000272c00000| Complete 
| 118|0x0000000273000000, 0x0000000273400000, 0x0000000273400000|100%| E|CS|TAMS 0x0000000273000000, 0x0000000273000000| Complete 
| 119|0x0000000273400000, 0x0000000273800000, 0x0000000273800000|100%| E|CS|TAMS 0x0000000273400000, 0x0000000273400000| Complete 
| 120|0x0000000273800000, 0x0000000273c00000, 0x0000000273c00000|100%| E|CS|TAMS 0x0000000273800000, 0x0000000273800000| Complete 
| 121|0x0000000273c00000, 0x0000000274000000, 0x0000000274000000|100%| E|CS|TAMS 0x0000000273c00000, 0x0000000273c00000| Complete 
| 122|0x0000000274000000, 0x0000000274400000, 0x0000000274400000|100%| E|CS|TAMS 0x0000000274000000, 0x0000000274000000| Complete 
| 123|0x0000000274400000, 0x0000000274800000, 0x0000000274800000|100%| E|CS|TAMS 0x0000000274400000, 0x0000000274400000| Complete 
| 124|0x0000000274800000, 0x0000000274c00000, 0x0000000274c00000|100%| E|CS|TAMS 0x0000000274800000, 0x0000000274800000| Complete 
| 125|0x0000000274c00000, 0x0000000275000000, 0x0000000275000000|100%| E|CS|TAMS 0x0000000274c00000, 0x0000000274c00000| Complete 
| 126|0x0000000275000000, 0x0000000275400000, 0x0000000275400000|100%| E|CS|TAMS 0x0000000275000000, 0x0000000275000000| Complete 
| 127|0x0000000275400000, 0x0000000275800000, 0x0000000275800000|100%| E|CS|TAMS 0x0000000275400000, 0x0000000275400000| Complete 

Card table byte_map: [0x000001a25cd00000,0x000001a25dd00000] _byte_map_base: 0x000001a25ba54000

Marking Bits (Prev, Next): (CMBitMap*) 0x000001a24480ced0, (CMBitMap*) 0x000001a24480cf10
 Prev Bits: [0x000001a25ed00000, 0x000001a266ca0000)
 Next Bits: [0x000001a266ca0000, 0x000001a26ec40000)

Polling page: 0x000001a242320000

Metaspace:

Usage:
  Non-class:      8.59 MB used.
      Class:      1.07 MB used.
       Both:      9.66 MB used.

Virtual space:
  Non-class space:       16.00 MB reserved,       8.69 MB ( 54%) committed,  2 nodes.
      Class space:        1.00 GB reserved,       1.19 MB ( <1%) committed,  1 nodes.
             Both:        1.02 GB reserved,       9.88 MB ( <1%) committed. 

Chunk freelists:
   Non-Class:  2.77 MB
       Class:  2.69 MB
        Both:  5.46 MB

MaxMetaspaceSize: unlimited
CompressedClassSpaceSize: 1.00 GB
Initial GC threshold: 21.00 MB
Current GC threshold: 21.00 MB
CDS: on
MetaspaceReclaimPolicy: balanced
 - commit_granule_bytes: 65536.
 - commit_granule_words: 8192.
 - virtual_space_node_default_size: 1048576.
 - enlarge_chunks_in_place: 1.
 - new_chunks_are_fully_committed: 0.
 - uncommit_free_chunks: 1.
 - use_allocation_guard: 0.
 - handle_deallocations: 1.


Internal statistics:

num_allocs_failed_limit: 0.
num_arena_births: 186.
num_arena_deaths: 0.
num_vsnodes_births: 3.
num_vsnodes_deaths: 0.
num_space_committed: 158.
num_space_uncommitted: 0.
num_chunks_returned_to_freelist: 0.
num_chunks_taken_from_freelist: 300.
num_chunk_merges: 0.
num_chunk_splits: 191.
num_chunks_enlarged: 110.
num_purges: 0.
num_inconsistent_stats: 0.

CodeHeap 'non-profiled nmethods': size=119168Kb used=625Kb max_used=625Kb free=118542Kb
 bounds [0x000001a253df0000, 0x000001a254060000, 0x000001a25b250000]
CodeHeap 'profiled nmethods': size=119104Kb used=2753Kb max_used=2753Kb free=116350Kb
 bounds [0x000001a24c9a0000, 0x000001a24cc60000, 0x000001a253df0000]
CodeHeap 'non-nmethods': size=7488Kb used=2488Kb max_used=3089Kb free=5000Kb
 bounds [0x000001a24c250000, 0x000001a24c5c0000, 0x000001a24c9a0000]
 total_blobs=2326 nmethods=1698 adapters=539
 compilation: enabled
              stopped_count=0, restarted_count=0
 full_count=0

Compilation events (20 events):
Event: 23.181 Thread 0x000001a273053210 1690       3       sun.java2d.pipe.Region::getIntersection (21 bytes)
Event: 23.181 Thread 0x000001a273053210 nmethod 1690 0x000001a24cc4c510 code [0x000001a24cc4c6c0, 0x000001a24cc4c828]
Event: 23.217 Thread 0x000001a273054b60 1692       3       sun.java2d.SunGraphics2D::getClipBounds (102 bytes)
Event: 23.217 Thread 0x000001a273053210 1691       3       sun.java2d.SunGraphics2D::getClipBounds (21 bytes)
Event: 23.217 Thread 0x000001a2716a08c0 1693       3       java.awt.geom.Rectangle2D$Double::getBounds2D (24 bytes)
Event: 23.217 Thread 0x000001a273053210 nmethod 1691 0x000001a24cc4c910 code [0x000001a24cc4cac0, 0x000001a24cc4cd18]
Event: 23.217 Thread 0x000001a2716a08c0 nmethod 1693 0x000001a24cc4ce10 code [0x000001a24cc4cfc0, 0x000001a24cc4d188]
Event: 23.217 Thread 0x000001a273053210 1696       3       java.util.concurrent.locks.AbstractQueuedSynchronizer$Node::setPrevRelaxed (12 bytes)
Event: 23.217 Thread 0x000001a2716a08c0 1697       3       java.util.concurrent.locks.AbstractQueuedSynchronizer::casTail (13 bytes)
Event: 23.217 Thread 0x000001a273053210 nmethod 1696 0x000001a24cc4d290 code [0x000001a24cc4d420, 0x000001a24cc4d598]
Event: 23.217 Thread 0x000001a2716a08c0 nmethod 1697 0x000001a24cc4d610 code [0x000001a24cc4d7a0, 0x000001a24cc4d918]
Event: 23.217 Thread 0x000001a273053210 1698       3       java.util.concurrent.locks.LockSupport::park (23 bytes)
Event: 23.217 Thread 0x000001a2716a08c0 1694       3       java.awt.geom.RectangularShape::setFrame (21 bytes)
Event: 23.217 Thread 0x000001a273054b60 nmethod 1692 0x000001a24cc4d990 code [0x000001a24cc4dbe0, 0x000001a24cc4e578]
Event: 23.217 Thread 0x000001a273054b60 1695       3       java.awt.Rectangle::setRect (135 bytes)
Event: 23.217 Thread 0x000001a273053210 nmethod 1698 0x000001a24cc4e810 code [0x000001a24cc4e9c0, 0x000001a24cc4eb88]
Event: 23.217 Thread 0x000001a2716a08c0 nmethod 1694 0x000001a24cc4ec90 code [0x000001a24cc4ee80, 0x000001a24cc4f388]
Event: 23.217 Thread 0x000001a273054b60 nmethod 1695 0x000001a24cc4f510 code [0x000001a24cc4f720, 0x000001a24cc4fd18]
Event: 23.252 Thread 0x000001a2716a08c0 1699       3       sun.java2d.pipe.BufferedPaints::resetPaint (18 bytes)
Event: 23.252 Thread 0x000001a2716a08c0 nmethod 1699 0x000001a24cc4ff10 code [0x000001a24cc500e0, 0x000001a24cc503f8]

GC Heap History (11 events):
Event: 20.618 GC heap before
{Heap before GC invocations=0 (full 0):
 garbage-first heap   total 524288K, used 24576K [0x0000000255800000, 0x0000000454000000)
  region size 4096K, 6 young (24576K), 0 survivors (0K)
 Metaspace       used 9749K, committed 9984K, reserved 1064960K
  class space    used 1094K, committed 1216K, reserved 1048576K
}
Event: 20.621 GC heap after
{Heap after GC invocations=1 (full 0):
 garbage-first heap   total 524288K, used 4932K [0x0000000255800000, 0x0000000454000000)
  region size 4096K, 1 young (4096K), 1 survivors (4096K)
 Metaspace       used 9749K, committed 9984K, reserved 1064960K
  class space    used 1094K, committed 1216K, reserved 1048576K
}
Event: 20.689 GC heap before
{Heap before GC invocations=1 (full 0):
 garbage-first heap   total 524288K, used 25412K [0x0000000255800000, 0x0000000454000000)
  region size 4096K, 6 young (24576K), 1 survivors (4096K)
 Metaspace       used 9766K, committed 9984K, reserved 1064960K
  class space    used 1094K, committed 1216K, reserved 1048576K
}
Event: 20.696 GC heap after
{Heap after GC invocations=2 (full 0):
 garbage-first heap   total 524288K, used 7679K [0x0000000255800000, 0x0000000454000000)
  region size 4096K, 1 young (4096K), 1 survivors (4096K)
 Metaspace       used 9766K, committed 9984K, reserved 1064960K
  class space    used 1094K, committed 1216K, reserved 1048576K
}
Event: 20.861 GC heap before
{Heap before GC invocations=2 (full 0):
 garbage-first heap   total 524288K, used 60927K [0x0000000255800000, 0x0000000454000000)
  region size 4096K, 14 young (57344K), 1 survivors (4096K)
 Metaspace       used 9786K, committed 10048K, reserved 1064960K
  class space    used 1094K, committed 1216K, reserved 1048576K
}
Event: 20.873 GC heap after
{Heap after GC invocations=3 (full 0):
 garbage-first heap   total 524288K, used 10944K [0x0000000255800000, 0x0000000454000000)
  region size 4096K, 2 young (8192K), 2 survivors (8192K)
 Metaspace       used 9786K, committed 10048K, reserved 1064960K
  class space    used 1094K, committed 1216K, reserved 1048576K
}
Event: 21.328 GC heap before
{Heap before GC invocations=3 (full 0):
 garbage-first heap   total 524288K, used 154304K [0x0000000255800000, 0x0000000454000000)
  region size 4096K, 37 young (151552K), 2 survivors (8192K)
 Metaspace       used 9839K, committed 10048K, reserved 1064960K
  class space    used 1095K, committed 1216K, reserved 1048576K
}
Event: 21.346 GC heap after
{Heap after GC invocations=4 (full 0):
 garbage-first heap   total 524288K, used 16911K [0x0000000255800000, 0x0000000454000000)
  region size 4096K, 3 young (12288K), 3 survivors (12288K)
 Metaspace       used 9839K, committed 10048K, reserved 1064960K
  class space    used 1095K, committed 1216K, reserved 1048576K
}
Event: 22.322 GC heap before
{Heap before GC invocations=4 (full 0):
 garbage-first heap   total 524288K, used 315919K [0x0000000255800000, 0x0000000454000000)
  region size 4096K, 76 young (311296K), 3 survivors (12288K)
 Metaspace       used 9879K, committed 10112K, reserved 1064960K
  class space    used 1095K, committed 1216K, reserved 1048576K
}
Event: 22.349 GC heap after
{Heap after GC invocations=5 (full 0):
 garbage-first heap   total 524288K, used 23812K [0x0000000255800000, 0x0000000454000000)
  region size 4096K, 5 young (20480K), 5 survivors (20480K)
 Metaspace       used 9879K, committed 10112K, reserved 1064960K
  class space    used 1095K, committed 1216K, reserved 1048576K
}
Event: 23.286 GC heap before
{Heap before GC invocations=5 (full 0):
 garbage-first heap   total 524288K, used 314628K [0x0000000255800000, 0x0000000454000000)
  region size 4096K, 76 young (311296K), 5 survivors (20480K)
 Metaspace       used 9886K, committed 10112K, reserved 1064960K
  class space    used 1095K, committed 1216K, reserved 1048576K
}

Deoptimization events (20 events):
Event: 19.741 Thread 0x000001a27cfb93e0 Uncommon trap: trap_request=0xffffffde fr.pc=0x000001a253e18140 relative=0x00000000000001c0
Event: 19.741 Thread 0x000001a27cfb93e0 Uncommon trap: reason=class_check action=maybe_recompile pc=0x000001a253e18140 method=java.lang.String.equals(Ljava/lang/Object;)Z @ 8 c2
Event: 19.741 Thread 0x000001a27cfb93e0 DEOPT PACKING pc=0x000001a253e18140 sp=0x000000060f8fde30
Event: 19.741 Thread 0x000001a27cfb93e0 DEOPT UNPACKING pc=0x000001a24c2a23a3 sp=0x000000060f8fddd8 mode 2
Event: 19.741 Thread 0x000001a27cfb93e0 Uncommon trap: trap_request=0xffffffde fr.pc=0x000001a253e18140 relative=0x00000000000001c0
Event: 19.741 Thread 0x000001a27cfb93e0 Uncommon trap: reason=class_check action=maybe_recompile pc=0x000001a253e18140 method=java.lang.String.equals(Ljava/lang/Object;)Z @ 8 c2
Event: 19.741 Thread 0x000001a27cfb93e0 DEOPT PACKING pc=0x000001a253e18140 sp=0x000000060f8fde30
Event: 19.741 Thread 0x000001a27cfb93e0 DEOPT UNPACKING pc=0x000001a24c2a23a3 sp=0x000000060f8fddd8 mode 2
Event: 20.627 Thread 0x000001a27cfb93e0 DEOPT PACKING pc=0x000001a24cbf7367 sp=0x000000060f8fe280
Event: 20.627 Thread 0x000001a27cfb93e0 DEOPT UNPACKING pc=0x000001a24c2a2b43 sp=0x000000060f8fd758 mode 0
Event: 20.631 Thread 0x000001a27cfb93e0 DEOPT PACKING pc=0x000001a24cbf7367 sp=0x000000060f8fe280
Event: 20.631 Thread 0x000001a27cfb93e0 DEOPT UNPACKING pc=0x000001a24c2a2b43 sp=0x000000060f8fd758 mode 0
Event: 21.213 Thread 0x000001a27cfb93e0 Uncommon trap: trap_request=0xffffff45 fr.pc=0x000001a253e5a3c8 relative=0x00000000000002a8
Event: 21.213 Thread 0x000001a27cfb93e0 Uncommon trap: reason=unstable_if action=reinterpret pc=0x000001a253e5a3c8 method=java.util.LinkedList.linkLast(Ljava/lang/Object;)V @ 22 c2
Event: 21.213 Thread 0x000001a27cfb93e0 DEOPT PACKING pc=0x000001a253e5a3c8 sp=0x000000060f8fe7e0
Event: 21.213 Thread 0x000001a27cfb93e0 DEOPT UNPACKING pc=0x000001a24c2a23a3 sp=0x000000060f8fe748 mode 2
Event: 21.372 Thread 0x000001a27cfb93e0 Uncommon trap: trap_request=0xffffff45 fr.pc=0x000001a253e594d0 relative=0x00000000000002b0
Event: 21.372 Thread 0x000001a27cfb93e0 Uncommon trap: reason=unstable_if action=reinterpret pc=0x000001a253e594d0 method=java.util.LinkedList.linkLast(Ljava/lang/Object;)V @ 22 c2
Event: 21.373 Thread 0x000001a27cfb93e0 DEOPT PACKING pc=0x000001a253e594d0 sp=0x000000060f8fe780
Event: 21.373 Thread 0x000001a27cfb93e0 DEOPT UNPACKING pc=0x000001a24c2a23a3 sp=0x000000060f8fe740 mode 2

Classes unloaded (0 events):
No events

Classes redefined (0 events):
No events

Internal exceptions (20 events):
Event: 0.473 Thread 0x000001a24475ec50 Exception <a 'java/lang/NoSuchMethodError'{0x000000027510f5b0}: 'java.lang.Object java.lang.invoke.DirectMethodHandle$Holder.invokeStaticInit(java.lang.Object)'> (0x000000027510f5b0) 
thrown [s\src\hotspot\share\interpreter\linkResolver.cpp, line 759]
Event: 18.272 Thread 0x000001a272221b00 Exception <a 'java/lang/NoSuchMethodError'{0x0000000274c32b18}: 'void java.lang.invoke.DirectMethodHandle$Holder.invokeStatic(java.lang.Object, java.lang.Object)'> (0x0000000274c32b18) 
thrown [s\src\hotspot\share\interpreter\linkResolver.cpp, line 759]
Event: 18.274 Thread 0x000001a272221b00 Exception <a 'java/lang/NoSuchMethodError'{0x0000000274c3dc30}: 'double java.lang.invoke.DirectMethodHandle$Holder.invokeStatic(java.lang.Object, double)'> (0x0000000274c3dc30) 
thrown [s\src\hotspot\share\interpreter\linkResolver.cpp, line 759]
Event: 18.347 Thread 0x000001a272221b00 Exception <a 'java/lang/NoSuchMethodError'{0x0000000274c9fbd0}: 'void java.lang.invoke.DirectMethodHandle$Holder.invokeSpecial(java.lang.Object, java.lang.Object, java.lang.Object)'> (0x0000000274c9fbd0) 
thrown [s\src\hotspot\share\interpreter\linkResolver.cpp, line 759]
Event: 18.352 Thread 0x000001a272221b00 Exception <a 'java/lang/NoSuchMethodError'{0x0000000274cc9dc8}: 'java.lang.Object java.lang.invoke.DirectMethodHandle$Holder.newInvokeSpecial(java.lang.Object, java.lang.Object, java.lang.Object, java.lang.Object, java.lang.Object)'> (0x0000000274cc9dc8) 
thrown [s\src\hotspot\share\interpreter\linkResolver.cpp, line 759]
Event: 18.353 Thread 0x000001a272221b00 Exception <a 'java/lang/NoSuchMethodError'{0x0000000274cd5790}: 'java.lang.Object java.lang.invoke.DirectMethodHandle$Holder.invokeStatic(java.lang.Object, int, java.lang.Object, java.lang.Object, java.lang.Object, java.lang.Object)'> (0x0000000274cd5790) 
thrown [s\src\hotspot\share\interpreter\linkResolver.cpp, line 759]
Event: 18.355 Thread 0x000001a272221b00 Exception <a 'java/lang/NoSuchMethodError'{0x0000000274cfb1a8}: 'java.lang.Object java.lang.invoke.DirectMethodHandle$Holder.invokeStatic(java.lang.Object, int, java.lang.Object)'> (0x0000000274cfb1a8) 
thrown [s\src\hotspot\share\interpreter\linkResolver.cpp, line 759]
Event: 18.368 Thread 0x000001a272221b00 Exception <a 'java/lang/ClassNotFoundException'{0x0000000274db2e38}: com/sun/swing/internal/plaf/metal/resources/spi/metalProvider> (0x0000000274db2e38) 
thrown [s\src\hotspot\share\classfile\systemDictionary.cpp, line 256]
Event: 18.368 Thread 0x000001a272221b00 Exception <a 'java/lang/ClassNotFoundException'{0x0000000274db6dc8}: com/sun/swing/internal/plaf/basic/resources/spi/basicProvider> (0x0000000274db6dc8) 
thrown [s\src\hotspot\share\classfile\systemDictionary.cpp, line 256]
Event: 18.385 Thread 0x000001a272f79600 Exception <a 'java/lang/NoSuchMethodError'{0x000000027514f7b0}: 'void java.lang.invoke.DirectMethodHandle$Holder.invokeVirtual(java.lang.Object, java.lang.Object)'> (0x000000027514f7b0) 
thrown [s\src\hotspot\share\interpreter\linkResolver.cpp, line 759]
Event: 18.394 Thread 0x000001a272221b00 Exception <a 'java/lang/NoSuchMethodError'{0x0000000274e83b48}: 'void java.lang.invoke.DirectMethodHandle$Holder.invokeStaticInit(java.lang.Object)'> (0x0000000274e83b48) 
thrown [s\src\hotspot\share\interpreter\linkResolver.cpp, line 759]
Event: 18.474 Thread 0x000001a27cfb93e0 Exception <a 'java/lang/NoSuchMethodError'{0x00000002748f70f8}: 'int java.lang.invoke.DirectMethodHandle$Holder.invokeSpecial(java.lang.Object, java.lang.Object, java.lang.Object)'> (0x00000002748f70f8) 
thrown [s\src\hotspot\share\interpreter\linkResolver.cpp, line 759]
Event: 18.488 Thread 0x000001a27cfb93e0 Exception <a 'java/lang/NoSuchMethodError'{0x000000027493fed8}: 'void java.lang.invoke.DirectMethodHandle$Holder.invokeStatic(java.lang.Object, long)'> (0x000000027493fed8) 
thrown [s\src\hotspot\share\interpreter\linkResolver.cpp, line 759]
Event: 18.489 Thread 0x000001a27cfb93e0 Exception <a 'java/lang/NoSuchMethodError'{0x0000000274945528}: 'java.lang.Object java.lang.invoke.DirectMethodHandle$Holder.newInvokeSpecial(java.lang.Object, long)'> (0x0000000274945528) 
thrown [s\src\hotspot\share\interpreter\linkResolver.cpp, line 759]
Event: 18.490 Thread 0x000001a27cfb93e0 Exception <a 'java/lang/NoSuchMethodError'{0x000000027494c0e0}: 'java.lang.Object java.lang.invoke.DirectMethodHandle$Holder.invokeStatic(java.lang.Object, java.lang.Object, long, java.lang.Object)'> (0x000000027494c0e0) 
thrown [s\src\hotspot\share\interpreter\linkResolver.cpp, line 759]
Event: 18.490 Thread 0x000001a27cfb93e0 Exception <a 'java/lang/NoSuchMethodError'{0x000000027494fb78}: 'java.lang.Object java.lang.invoke.DirectMethodHandle$Holder.invokeStaticInit(java.lang.Object, java.lang.Object, long, java.lang.Object)'> (0x000000027494fb78) 
thrown [s\src\hotspot\share\interpreter\linkResolver.cpp, line 759]
Event: 18.490 Thread 0x000001a27cfb93e0 Exception <a 'java/lang/NoSuchMethodError'{0x0000000274956148}: 'java.lang.Object java.lang.invoke.DirectMethodHandle$Holder.newInvokeSpecial(java.lang.Object, java.lang.Object, long)'> (0x0000000274956148) 
thrown [s\src\hotspot\share\interpreter\linkResolver.cpp, line 759]
Event: 18.491 Thread 0x000001a27cfb93e0 Exception <a 'java/lang/NoSuchMethodError'{0x0000000274959cb8}: 'java.lang.Object java.lang.invoke.Invokers$Holder.linkToTargetMethod(java.lang.Object, long, java.lang.Object)'> (0x0000000274959cb8) 
thrown [s\src\hotspot\share\interpreter\linkResolver.cpp, line 759]
Event: 18.565 Thread 0x000001a27cfb93e0 Exception <a 'java/lang/NoSuchMethodError'{0x0000000274bbb908}: 'void java.lang.invoke.DirectMethodHandle$Holder.invokeStatic(java.lang.Object, java.lang.Object, java.lang.Object)'> (0x0000000274bbb908) 
thrown [s\src\hotspot\share\interpreter\linkResolver.cpp, line 759]
Event: 18.578 Thread 0x000001a27cfb93e0 Exception <a 'java/lang/NoSuchMethodError'{0x0000000274bd4a70}: 'int java.lang.invoke.DirectMethodHandle$Holder.invokeStaticInit(java.lang.Object, java.lang.Object, java.lang.Object)'> (0x0000000274bd4a70) 
thrown [s\src\hotspot\share\interpreter\linkResolver.cpp, line 759]

VM Operations (20 events):
Event: 18.454 Executing VM operation: HandshakeAllThreads done
Event: 18.476 Executing VM operation: HandshakeAllThreads
Event: 18.476 Executing VM operation: HandshakeAllThreads done
Event: 19.475 Executing VM operation: Cleanup
Event: 19.475 Executing VM operation: Cleanup done
Event: 20.476 Executing VM operation: Cleanup
Event: 20.476 Executing VM operation: Cleanup done
Event: 20.617 Executing VM operation: G1CollectForAllocation
Event: 20.621 Executing VM operation: G1CollectForAllocation done
Event: 20.621 Executing VM operation: Cleanup
Event: 20.621 Executing VM operation: Cleanup done
Event: 20.689 Executing VM operation: G1CollectForAllocation
Event: 20.696 Executing VM operation: G1CollectForAllocation done
Event: 20.861 Executing VM operation: G1CollectForAllocation
Event: 20.873 Executing VM operation: G1CollectForAllocation done
Event: 21.328 Executing VM operation: G1CollectForAllocation
Event: 21.346 Executing VM operation: G1CollectForAllocation done
Event: 22.322 Executing VM operation: G1CollectForAllocation
Event: 22.349 Executing VM operation: G1CollectForAllocation done
Event: 23.286 Executing VM operation: G1CollectForAllocation

Events (20 events):
Event: 20.462 loading class javax/swing/JRadioButtonMenuItem done
Event: 20.463 loading class javax/swing/plaf/basic/BasicPopupMenuUI$MouseGrabber$2
Event: 20.463 loading class javax/swing/plaf/basic/BasicPopupMenuUI$MouseGrabber$2 done
Event: 20.574 Thread 0x000001a273053210 Thread added: 0x000001a273053210
Event: 20.574 Thread 0x000001a2730527f0 Thread added: 0x000001a2730527f0
Event: 20.577 Thread 0x000001a273051dd0 Thread added: 0x000001a273051dd0
Event: 20.581 Thread 0x000001a273052d00 Thread added: 0x000001a273052d00
Event: 20.583 Thread 0x000001a273053720 Thread added: 0x000001a273053720
Event: 20.593 Thread 0x000001a273055070 Thread added: 0x000001a273055070
Event: 20.598 Thread 0x000001a273053c30 Thread added: 0x000001a273053c30
Event: 20.778 Thread 0x000001a273053c30 Thread exited: 0x000001a273053c30
Event: 20.778 Thread 0x000001a273055070 Thread exited: 0x000001a273055070
Event: 20.778 Thread 0x000001a273053720 Thread exited: 0x000001a273053720
Event: 20.818 Thread 0x000001a273052d00 Thread exited: 0x000001a273052d00
Event: 20.818 Thread 0x000001a273051dd0 Thread exited: 0x000001a273051dd0
Event: 21.212 loading class sun/awt/DebugSettings
Event: 21.212 loading class sun/awt/DebugSettings done
Event: 21.213 loading class java/util/Vector$1
Event: 21.213 loading class java/util/Vector$1 done
Event: 23.074 Thread 0x000001a2730527f0 Thread exited: 0x000001a2730527f0


Dynamic libraries:
0x00007ff740020000 - 0x00007ff74002e000 	C:\Program Files\BlueJ\jdk\bin\java.exe
0x00007fff430b0000 - 0x00007fff432a8000 	C:\Windows\SYSTEM32\ntdll.dll
0x00007fff41b80000 - 0x00007fff41c3f000 	C:\Windows\System32\KERNEL32.DLL
0x00007fff40e10000 - 0x00007fff41106000 	C:\Windows\System32\KERNELBASE.dll
0x00007fff40790000 - 0x00007fff40890000 	C:\Windows\System32\ucrtbase.dll
0x00007fff23740000 - 0x00007fff23758000 	C:\Program Files\BlueJ\jdk\bin\jli.dll
0x00007fff236e0000 - 0x00007fff236f9000 	C:\Program Files\BlueJ\jdk\bin\VCRUNTIME140.dll
0x00007fff42a70000 - 0x00007fff42c0d000 	C:\Windows\System32\USER32.dll
0x00007fff40b80000 - 0x00007fff40ba2000 	C:\Windows\System32\win32u.dll
0x00007fff42f10000 - 0x00007fff42f3c000 	C:\Windows\System32\GDI32.dll
0x00007fff25060000 - 0x00007fff252fa000 	C:\Windows\WinSxS\amd64_microsoft.windows.common-controls_6595b64144ccf1df_6.0.19041.1110_none_60b5254171f9507e\COMCTL32.dll
0x00007fff40890000 - 0x00007fff409a5000 	C:\Windows\System32\gdi32full.dll
0x00007fff41d70000 - 0x00007fff41e0e000 	C:\Windows\System32\msvcrt.dll
0x00007fff40bb0000 - 0x00007fff40c4d000 	C:\Windows\System32\msvcp_win.dll
0x00007fff41b40000 - 0x00007fff41b70000 	C:\Windows\System32\IMM32.DLL
0x00007fff31e00000 - 0x00007fff31e0c000 	C:\Program Files\BlueJ\jdk\bin\vcruntime140_1.dll
0x00007fff1fe70000 - 0x00007fff1ff01000 	C:\Program Files\BlueJ\jdk\bin\msvcp140.dll
0x00007ffeb77c0000 - 0x00007ffeb8406000 	C:\Program Files\BlueJ\jdk\bin\server\jvm.dll
0x00007fff41a90000 - 0x00007fff41b3f000 	C:\Windows\System32\ADVAPI32.dll
0x00007fff42fd0000 - 0x00007fff4306c000 	C:\Windows\System32\sechost.dll
0x00007fff420d0000 - 0x00007fff421f6000 	C:\Windows\System32\RPCRT4.dll
0x00007fff41b70000 - 0x00007fff41b78000 	C:\Windows\System32\PSAPI.DLL
0x00007fff260e0000 - 0x00007fff260e9000 	C:\Windows\SYSTEM32\WSOCK32.dll
0x00007fff31590000 - 0x00007fff315b7000 	C:\Windows\SYSTEM32\WINMM.dll
0x00007fff3a5e0000 - 0x00007fff3a5ea000 	C:\Windows\SYSTEM32\VERSION.dll
0x00007fff42ea0000 - 0x00007fff42f0b000 	C:\Windows\System32\WS2_32.dll
0x00007fff3e650000 - 0x00007fff3e662000 	C:\Windows\SYSTEM32\kernel.appcore.dll
0x00007fff2b040000 - 0x00007fff2b04a000 	C:\Program Files\BlueJ\jdk\bin\jimage.dll
0x00007fff39d70000 - 0x00007fff39f54000 	C:\Windows\SYSTEM32\DBGHELP.DLL
0x00007fff38c50000 - 0x00007fff38c84000 	C:\Windows\SYSTEM32\dbgcore.DLL
0x00007fff40d00000 - 0x00007fff40d82000 	C:\Windows\System32\bcryptPrimitives.dll
0x00007fff1f240000 - 0x00007fff1f27b000 	C:\Program Files\BlueJ\jdk\bin\jdwp.dll
0x00007fff207e0000 - 0x00007fff20805000 	C:\Program Files\BlueJ\jdk\bin\java.dll
0x00007fff17980000 - 0x00007fff17a56000 	C:\Program Files\BlueJ\jdk\bin\jsvml.dll
0x00007fff42320000 - 0x00007fff42a64000 	C:\Windows\System32\SHELL32.dll
0x00007fff3e850000 - 0x00007fff3efe3000 	C:\Windows\SYSTEM32\windows.storage.dll
0x00007fff41240000 - 0x00007fff41594000 	C:\Windows\System32\combase.dll
0x00007fff40100000 - 0x00007fff4012e000 	C:\Windows\SYSTEM32\Wldp.dll
0x00007fff41e10000 - 0x00007fff41ebd000 	C:\Windows\System32\SHCORE.dll
0x00007fff41110000 - 0x00007fff41165000 	C:\Windows\System32\shlwapi.dll
0x00007fff406c0000 - 0x00007fff406e5000 	C:\Windows\SYSTEM32\profapi.dll
0x00007fff1f9f0000 - 0x00007fff1f9fb000 	C:\Program Files\BlueJ\jdk\bin\dt_shmem.dll
0x00007fff208b0000 - 0x00007fff208c9000 	C:\Program Files\BlueJ\jdk\bin\net.dll
0x00007fff3a4d0000 - 0x00007fff3a5da000 	C:\Windows\SYSTEM32\WINHTTP.dll
0x00007fff3fe60000 - 0x00007fff3feca000 	C:\Windows\system32\mswsock.dll
0x00007fff207c0000 - 0x00007fff207d5000 	C:\Program Files\BlueJ\jdk\bin\nio.dll
0x00007fff1fe50000 - 0x00007fff1fe68000 	C:\Program Files\BlueJ\jdk\bin\zip.dll
0x00007fff068d0000 - 0x00007fff06a5e000 	C:\Program Files\BlueJ\jdk\bin\awt.dll
0x00007fff42c90000 - 0x00007fff42d5d000 	C:\Windows\System32\OLEAUT32.dll
0x00007fff3def0000 - 0x00007fff3df81000 	C:\Windows\SYSTEM32\apphelp.dll
0x00007fff3e180000 - 0x00007fff3e21e000 	C:\Windows\system32\uxtheme.dll
0x00007fff42200000 - 0x00007fff42314000 	C:\Windows\System32\MSCTF.dll
0x00007fff41c40000 - 0x00007fff41d6a000 	C:\Windows\System32\ole32.dll
0x00007fff359a0000 - 0x00007fff359b0000 	C:\Program Files\BlueJ\jdk\bin\verify.dll
0x00007fff3e280000 - 0x00007fff3e2af000 	C:\Windows\system32\DWMAPI.DLL
0x00007ffef9210000 - 0x00007ffef9335000 	C:\Windows\system32\opengl32.dll
0x00007ffef8b40000 - 0x00007ffef8b6c000 	C:\Windows\SYSTEM32\GLU32.dll
0x00007fff12cb0000 - 0x00007fff12e7d000 	C:\Windows\system32\d3d9.dll
0x00007fff31650000 - 0x00007fff3180b000 	C:\Windows\System32\DriverStore\FileRepository\u0394441.inf_amd64_57e767cb37419fb0\B394106\aticfx64.dll
0x00007ffeec070000 - 0x00007ffeeef31000 	C:\Windows\System32\DriverStore\FileRepository\u0394441.inf_amd64_57e767cb37419fb0\B394106\amdxn64.dll
0x00007fff415b0000 - 0x00007fff41a1e000 	C:\Windows\System32\SETUPAPI.dll
0x00007fff40d90000 - 0x00007fff40dde000 	C:\Windows\System32\cfgmgr32.dll
0x00007fff40de0000 - 0x00007fff40e07000 	C:\Windows\System32\bcrypt.dll
0x00007fff3f030000 - 0x00007fff3f123000 	C:\Windows\SYSTEM32\dxgi.dll
0x00007fff2d460000 - 0x00007fff2d495000 	C:\Windows\SYSTEM32\amdihk64.dll
0x00007fff31ae0000 - 0x00007fff31b1b000 	C:\Windows\SYSTEM32\dxcore.dll
0x00007fff06840000 - 0x00007fff068c6000 	C:\Program Files\BlueJ\jdk\bin\freetype.dll
0x00007fff065a0000 - 0x00007fff06648000 	C:\Program Files\BlueJ\jdk\bin\fontmanager.dll
0x00007fff2d570000 - 0x00007fff2d66a000 	C:\Windows\SYSTEM32\textinputframework.dll
0x00007fff3d430000 - 0x00007fff3d78e000 	C:\Windows\System32\CoreUIComponents.dll
0x00007fff3db70000 - 0x00007fff3dc62000 	C:\Windows\System32\CoreMessaging.dll
0x00007fff3f890000 - 0x00007fff3f8c3000 	C:\Windows\SYSTEM32\ntmarta.dll
0x00007fff3c2e0000 - 0x00007fff3c434000 	C:\Windows\SYSTEM32\wintypes.dll
0x00007fff1f9e0000 - 0x00007fff1f9e9000 	C:\Program Files\BlueJ\jdk\bin\management.dll
0x00007fff1f230000 - 0x00007fff1f23b000 	C:\Program Files\BlueJ\jdk\bin\management_ext.dll
0x00007fff3c1a0000 - 0x00007fff3c1b7000 	C:\Windows\system32\napinsp.dll
0x00007fff3c180000 - 0x00007fff3c19b000 	C:\Windows\system32\pnrpnsp.dll
0x00007fff0f4b0000 - 0x00007fff0f4c5000 	C:\Windows\system32\wshbth.dll
0x00007fff3b4f0000 - 0x00007fff3b50d000 	C:\Windows\system32\NLAapi.dll
0x00007fff3fb50000 - 0x00007fff3fb8b000 	C:\Windows\SYSTEM32\IPHLPAPI.DLL
0x00007fff3fb90000 - 0x00007fff3fc5a000 	C:\Windows\SYSTEM32\DNSAPI.dll
0x00007fff41a20000 - 0x00007fff41a28000 	C:\Windows\System32\NSI.dll
0x00007fff3c140000 - 0x00007fff3c152000 	C:\Windows\System32\winrnr.dll
0x00007fff2b480000 - 0x00007fff2b48a000 	C:\Windows\System32\rasadhlp.dll
0x00007fff2d7d0000 - 0x00007fff2d852000 	C:\Windows\System32\fwpuclnt.dll
0x000001a244710000 - 0x000001a244713000 	C:\Program Files\BlueJ\lib\javafx\bin\api-ms-win-core-console-l1-1-0.dll
0x000001a244730000 - 0x000001a244733000 	C:\Program Files\BlueJ\lib\javafx\bin\api-ms-win-core-console-l1-2-0.dll
0x000001a272360000 - 0x000001a272363000 	C:\Program Files\BlueJ\lib\javafx\bin\api-ms-win-core-datetime-l1-1-0.dll
0x000001a272370000 - 0x000001a272373000 	C:\Program Files\BlueJ\lib\javafx\bin\api-ms-win-core-debug-l1-1-0.dll
0x000001a272380000 - 0x000001a272383000 	C:\Program Files\BlueJ\lib\javafx\bin\api-ms-win-core-errorhandling-l1-1-0.dll
0x000001a272390000 - 0x000001a272394000 	C:\Program Files\BlueJ\lib\javafx\bin\api-ms-win-core-file-l1-1-0.dll
0x000001a2723a0000 - 0x000001a2723a3000 	C:\Program Files\BlueJ\lib\javafx\bin\api-ms-win-core-file-l1-2-0.dll
0x000001a2723b0000 - 0x000001a2723b3000 	C:\Program Files\BlueJ\lib\javafx\bin\api-ms-win-core-file-l2-1-0.dll
0x000001a2723c0000 - 0x000001a2723c3000 	C:\Program Files\BlueJ\lib\javafx\bin\api-ms-win-core-handle-l1-1-0.dll
0x000001a2723d0000 - 0x000001a2723d3000 	C:\Program Files\BlueJ\lib\javafx\bin\api-ms-win-core-heap-l1-1-0.dll
0x000001a2723e0000 - 0x000001a2723e3000 	C:\Program Files\BlueJ\lib\javafx\bin\api-ms-win-core-interlocked-l1-1-0.dll
0x000001a2723f0000 - 0x000001a2723f3000 	C:\Program Files\BlueJ\lib\javafx\bin\api-ms-win-core-libraryloader-l1-1-0.dll
0x000001a27e830000 - 0x000001a27e833000 	C:\Program Files\BlueJ\lib\javafx\bin\api-ms-win-core-localization-l1-2-0.dll
0x000001a27e840000 - 0x000001a27e843000 	C:\Program Files\BlueJ\lib\javafx\bin\api-ms-win-core-memory-l1-1-0.dll
0x000001a27e850000 - 0x000001a27e853000 	C:\Program Files\BlueJ\lib\javafx\bin\api-ms-win-core-namedpipe-l1-1-0.dll
0x000001a27e860000 - 0x000001a27e863000 	C:\Program Files\BlueJ\lib\javafx\bin\api-ms-win-core-processenvironment-l1-1-0.dll
0x000001a27e870000 - 0x000001a27e873000 	C:\Program Files\BlueJ\lib\javafx\bin\api-ms-win-core-processthreads-l1-1-0.dll
0x000001a27e880000 - 0x000001a27e883000 	C:\Program Files\BlueJ\lib\javafx\bin\api-ms-win-core-processthreads-l1-1-1.dll
0x000001a27e890000 - 0x000001a27e893000 	C:\Program Files\BlueJ\lib\javafx\bin\api-ms-win-core-profile-l1-1-0.dll
0x000001a27e8a0000 - 0x000001a27e8a3000 	C:\Program Files\BlueJ\lib\javafx\bin\api-ms-win-core-rtlsupport-l1-1-0.dll
0x000001a27e8b0000 - 0x000001a27e8b3000 	C:\Program Files\BlueJ\lib\javafx\bin\api-ms-win-core-string-l1-1-0.dll
0x000001a27e8c0000 - 0x000001a27e8c3000 	C:\Program Files\BlueJ\lib\javafx\bin\api-ms-win-core-synch-l1-1-0.dll
0x000001a27e8d0000 - 0x000001a27e8d3000 	C:\Program Files\BlueJ\lib\javafx\bin\api-ms-win-core-synch-l1-2-0.dll
0x000001a27e8e0000 - 0x000001a27e8e3000 	C:\Program Files\BlueJ\lib\javafx\bin\api-ms-win-core-sysinfo-l1-1-0.dll
0x000001a27e8f0000 - 0x000001a27e8f3000 	C:\Program Files\BlueJ\lib\javafx\bin\api-ms-win-core-timezone-l1-1-0.dll
0x000001a27e900000 - 0x000001a27e903000 	C:\Program Files\BlueJ\lib\javafx\bin\api-ms-win-core-util-l1-1-0.dll
0x000001a27e910000 - 0x000001a27e913000 	C:\Program Files\BlueJ\lib\javafx\bin\api-ms-win-crt-conio-l1-1-0.dll
0x000001a27e920000 - 0x000001a27e924000 	C:\Program Files\BlueJ\lib\javafx\bin\api-ms-win-crt-convert-l1-1-0.dll
0x000001a27e930000 - 0x000001a27e933000 	C:\Program Files\BlueJ\lib\javafx\bin\api-ms-win-crt-environment-l1-1-0.dll
0x000001a27e940000 - 0x000001a27e943000 	C:\Program Files\BlueJ\lib\javafx\bin\api-ms-win-crt-filesystem-l1-1-0.dll
0x000001a27e950000 - 0x000001a27e953000 	C:\Program Files\BlueJ\lib\javafx\bin\api-ms-win-crt-heap-l1-1-0.dll
0x000001a27e960000 - 0x000001a27e963000 	C:\Program Files\BlueJ\lib\javafx\bin\api-ms-win-crt-locale-l1-1-0.dll
0x000001a27e970000 - 0x000001a27e975000 	C:\Program Files\BlueJ\lib\javafx\bin\api-ms-win-crt-math-l1-1-0.dll
0x000001a27e980000 - 0x000001a27e985000 	C:\Program Files\BlueJ\lib\javafx\bin\api-ms-win-crt-multibyte-l1-1-0.dll
0x000001a27e990000 - 0x000001a27e9a0000 	C:\Program Files\BlueJ\lib\javafx\bin\api-ms-win-crt-private-l1-1-0.dll
0x000001a27e9a0000 - 0x000001a27e9a3000 	C:\Program Files\BlueJ\lib\javafx\bin\api-ms-win-crt-process-l1-1-0.dll
0x000001a27e9b0000 - 0x000001a27e9b4000 	C:\Program Files\BlueJ\lib\javafx\bin\api-ms-win-crt-runtime-l1-1-0.dll
0x000001a27e9c0000 - 0x000001a27e9c4000 	C:\Program Files\BlueJ\lib\javafx\bin\api-ms-win-crt-stdio-l1-1-0.dll
0x000001a27e9d0000 - 0x000001a27e9d4000 	C:\Program Files\BlueJ\lib\javafx\bin\api-ms-win-crt-string-l1-1-0.dll
0x000001a27e9e0000 - 0x000001a27e9e3000 	C:\Program Files\BlueJ\lib\javafx\bin\api-ms-win-crt-time-l1-1-0.dll
0x000001a27e9f0000 - 0x000001a27e9f3000 	C:\Program Files\BlueJ\lib\javafx\bin\api-ms-win-crt-utility-l1-1-0.dll
0x00007fff0f320000 - 0x00007fff0f41c000 	C:\Program Files\BlueJ\lib\javafx\bin\ucrtbase.dll
0x00007fff1fe30000 - 0x00007fff1fe4a000 	C:\Program Files\BlueJ\lib\javafx\bin\vcruntime140.dll

dbghelp: loaded successfully - version: 4.0.5 - missing functions: none
symbol engine: initialized successfully - sym options: 0x614 - pdb path: .;C:\Program Files\BlueJ\jdk\bin;C:\Windows\SYSTEM32;C:\Windows\WinSxS\amd64_microsoft.windows.common-controls_6595b64144ccf1df_6.0.19041.1110_none_60b5254171f9507e;C:\Program Files\BlueJ\jdk\bin\server;C:\Windows\System32\DriverStore\FileRepository\u0394441.inf_amd64_57e767cb37419fb0\B394106;C:\Program Files\BlueJ\lib\javafx\bin

VM Arguments:
jvm_args: -ea -agentlib:jdwp=transport=dt_shmem,address=javadebug -Dfile.encoding=UTF-8 
java_command: bluej.runtime.ExecServer UTF-8
java_class_path (initial): C:\Program Files\BlueJ\lib\bluejcore.jar;C:\Program Files\BlueJ\lib\junit-jupiter-5.5.2.jar;C:\Program Files\BlueJ\lib\junit-jupiter-api-5.5.2.jar;C:\Program Files\BlueJ\lib\junit-jupiter-engine-5.5.2.jar;C:\Program Files\BlueJ\lib\junit-jupiter-migrationsupport-5.5.2.jar;C:\Program Files\BlueJ\lib\junit-jupiter-params-5.5.2.jar;C:\Program Files\BlueJ\lib\junit-platform-commons-1.5.2.jar;C:\Program Files\BlueJ\lib\junit-platform-console-1.5.2.jar;C:\Program Files\BlueJ\lib\junit-platform-console-standalone-1.5.2.jar;C:\Program Files\BlueJ\lib\junit-platform-engine-1.5.2.jar;C:\Program Files\BlueJ\lib\junit-platform-launcher-1.5.2.jar;C:\Program Files\BlueJ\lib\junit-platform-reporting-1.5.2.jar;C:\Program Files\BlueJ\lib\junit-platform-runner-1.5.2.jar;C:\Program Files\BlueJ\lib\junit-platform-suite-api-1.5.2.jar;C:\Program Files\BlueJ\lib\junit-platform-testkit-1.5.2.jar;C:\Program Files\BlueJ\lib\junit-quickcheck-core-0.9.jar;C:\Program Files\BlueJ\lib\junit-vintage-engine-5.5.2.jar;C:\Program Files\BlueJ\lib\hamcrest-core-1.3.jar;C:\Program Files\BlueJ\lib\hamcrest-library-1.3.jar;C:\Program Files\BlueJ\lib\lang-stride.jar;C:\Program Files\BlueJ\lib\javafx\lib\javafx.base.jar;C:\Program Files\BlueJ\lib\javafx\lib\javafx.controls.jar;C:\Program Files\BlueJ\lib\javafx\lib\javafx.fxml.jar;C:\Program Files\BlueJ\lib\javafx\lib\javafx.graphics.jar;C:\Program Files\BlueJ\lib\javafx\lib\javafx.media.jar;C:\Program Files\BlueJ\lib\javafx\lib\javafx.properties.jar;C:\Program Files\BlueJ\lib\javafx\lib\javafx.swing.jar;C:\Program Files\BlueJ\lib\javafx\lib\javafx.web.jar;C:\Program Files\BlueJ\lib\javafx\lib\javafx.base.jar;C:\Program Files\BlueJ\lib\javafx\lib\javafx.controls.jar;C:\Program Files\BlueJ\lib\javafx\lib\javafx.fxml.jar;C:\Program Files\BlueJ\lib\javafx\lib\javafx.graphics.jar;C:\Program Files\BlueJ\lib\javafx\lib\javafx.media.jar;C:\Program Files\BlueJ\lib\javafx\lib\javafx.properties.jar;C:\Program Files\BlueJ\lib\javafx\lib\jav
Launcher Type: SUN_STANDARD

[Global flags]
     intx CICompilerCount                          = 12                                        {product} {ergonomic}
     uint ConcGCThreads                            = 4                                         {product} {ergonomic}
     uint G1ConcRefinementThreads                  = 15                                        {product} {ergonomic}
   size_t G1HeapRegionSize                         = 4194304                                   {product} {ergonomic}
    uintx GCDrainStackTargetSize                   = 64                                        {product} {ergonomic}
   size_t InitialHeapSize                          = 536870912                                 {product} {ergonomic}
   size_t MarkStackSize                            = 4194304                                   {product} {ergonomic}
   size_t MaxHeapSize                              = 8564768768                                {product} {ergonomic}
   size_t MaxNewSize                               = 5138022400                                {product} {ergonomic}
   size_t MinHeapDeltaBytes                        = 4194304                                   {product} {ergonomic}
   size_t MinHeapSize                              = 8388608                                   {product} {ergonomic}
    uintx NonNMethodCodeHeapSize                   = 7602480                                {pd product} {ergonomic}
    uintx NonProfiledCodeHeapSize                  = 122027880                              {pd product} {ergonomic}
    uintx ProfiledCodeHeapSize                     = 122027880                              {pd product} {ergonomic}
    uintx ReservedCodeCacheSize                    = 251658240                              {pd product} {ergonomic}
     bool SegmentedCodeCache                       = true                                      {product} {ergonomic}
   size_t SoftMaxHeapSize                          = 8564768768                             {manageable} {ergonomic}
     bool UseCompressedClassPointers               = true                           {product lp64_product} {ergonomic}
     bool UseCompressedOops                        = true                           {product lp64_product} {ergonomic}
     bool UseG1GC                                  = true                                      {product} {ergonomic}
     bool UseLargePagesIndividualAllocation        = false                                  {pd product} {ergonomic}

Logging:
Log output configuration:
 #0: stdout all=warning uptime,level,tags
 #1: stderr all=off uptime,level,tags

Environment Variables:
PATH=C:\Windows\system32;C:\Windows;C:\Windows\System32\Wbem;C:\Windows\System32\WindowsPowerShell\v1.0\;C:\Windows\System32\OpenSSH\;C:\Users\marsc\AppData\Local\Microsoft\WindowsApps;C:\Users\marsc\AppData\Local\GitHubDesktop\bin
USERNAME=marsc
OS=Windows_NT
PROCESSOR_IDENTIFIER=Intel64 Family 6 Model 165 Stepping 5, GenuineIntel
TMP=C:\Users\marsc\AppData\Local\Temp
TEMP=C:\Users\marsc\AppData\Local\Temp



---------------  S Y S T E M  ---------------

OS:
 Windows 10 , 64 bit Build 19041 (10.0.19041.3155)
OS uptime: 2 days 20:04 hours

CPU: total 20 (initial active 20) (10 cores per cpu, 2 threads per core) family 6 model 165 stepping 5 microcode 0xc8, cx8, cmov, fxsr, ht, mmx, 3dnowpref, sse, sse2, sse3, ssse3, sse4.1, sse4.2, popcnt, lzcnt, tsc, tscinvbit, avx, avx2, aes, erms, clmul, bmi1, bmi2, adx, fma, vzeroupper, clflush, clflushopt

Memory: 4k page, system-wide physical 32658M (21122M free)
TotalPageFile size 37522M (AvailPageFile size 18449M)
current process WorkingSet (physical memory assigned to process): 445M, peak: 445M
current process commit charge ("private bytes"): 759M, peak: 767M

vm_info: OpenJDK 64-Bit Server VM (17.0.4+8) for windows-amd64 JRE (17.0.4+8), built on Jul 19 2022 16:05:16 by "temurin" with MS VC++ 16.7 (VS2019)

END.
